server started on 134.153.49.142:3336...
events.js:183
      throw er; // Unhandled 'error' event
      ^

Error: listen EADDRINUSE 134.153.49.142:3336
    at Object._errnoException (util.js:1022:11)
    at _exceptionWithHostPort (util.js:1044:20)
    at Server.setupListenHandle [as _listen2] (net.js:1367:14)
    at listenInCluster (net.js:1408:12)
    at doListen (net.js:1517:7)
    at _combinedTickCallback (internal/process/next_tick.js:141:11)
    at process._tickCallback (internal/process/next_tick.js:180:9)
    at Function.Module.runMain (module.js:695:11)
    at startup (bootstrap_node.js:188:16)
    at bootstrap_node.js:609:3
events.js:183
      throw er; // Unhandled 'error' event
      ^

Error: Connection lost: The server closed the connection.
    at Protocol.end (/users/labnet5/gr10/aarafat/Public/node_modules/mysql/lib/protocol/Protocol.js:112:13)
    at Socket.<anonymous> (/users/labnet5/gr10/aarafat/Public/node_modules/mysql/lib/Connection.js:97:28)
    at Socket.<anonymous> (/users/labnet5/gr10/aarafat/Public/node_modules/mysql/lib/Connection.js:525:10)
    at emitNone (events.js:111:20)
    at Socket.emit (events.js:208:7)
    at endReadableNT (_stream_readable.js:1064:12)
    at _combinedTickCallback (internal/process/next_tick.js:138:11)
    at process._tickCallback (internal/process/next_tick.js:180:9)
server started on 134.153.49.142:3336...
server started on 134.153.49.142:3336...
events.js:183
      throw er; // Unhandled 'error' event
      ^

Error: Connection lost: The server closed the connection.
    at Protocol.end (/users/labnet5/gr10/aarafat/Public/node_modules/mysql/lib/protocol/Protocol.js:112:13)
    at Socket.<anonymous> (/users/labnet5/gr10/aarafat/Public/node_modules/mysql/lib/Connection.js:97:28)
    at Socket.<anonymous> (/users/labnet5/gr10/aarafat/Public/node_modules/mysql/lib/Connection.js:525:10)
    at emitNone (events.js:111:20)
    at Socket.emit (events.js:208:7)
    at endReadableNT (_stream_readable.js:1064:12)
    at _combinedTickCallback (internal/process/next_tick.js:138:11)
    at process._tickCallback (internal/process/next_tick.js:180:9)
